<?xml version="1.0" encoding="UTF-8"?>
<testng-results ignored="0" total="1" passed="1" failed="0" skipped="0">
  <reporter-output>
  </reporter-output>
  <suite started-at="2023-01-10T16:11:26 IST" name="Default suite" finished-at="2023-01-10T16:11:44 IST" duration-ms="17931">
    <groups>
    </groups>
    <test started-at="2023-01-10T16:11:26 IST" name="Default test" finished-at="2023-01-10T16:11:44 IST" duration-ms="17931">
      <class name="servicenow.TC01_LoginNegative">
        <test-method is-config="true" signature="launchAPP()[pri:0, instance:servicenow.TC01_LoginNegative@c333c60]" started-at="2023-01-10T16:11:26 IST" name="launchAPP" finished-at="2023-01-10T16:11:33 IST" duration-ms="6444" status="PASS">
          <reporter-output>
          </reporter-output>
        </test-method> <!-- launchAPP -->
        <test-method signature="loginNegativeVal()[pri:0, instance:servicenow.TC01_LoginNegative@c333c60]" started-at="2023-01-10T16:11:33 IST" name="loginNegativeVal" finished-at="2023-01-10T16:11:44 IST" duration-ms="11461" status="PASS">
          <reporter-output>
          </reporter-output>
        </test-method> <!-- loginNegativeVal -->
      </class> <!-- servicenow.TC01_LoginNegative -->
    </test> <!-- Default test -->
  </suite> <!-- Default suite -->
</testng-results>
